C:\Users\lenovo\AppData\Local\Temp\fanban_module5_cad_tasks\2016_2114_qu24c3jw\plot_tasks\source_input_0051_i6k6wryr\source_input.dwg,친謹,2026/3/2 14:17:08,lenovo,DWG To PDF.pc3,ISO A1 (841.00 x 594.00 봐쵠),1:45.6378,
C:\Users\lenovo\AppData\Local\Temp\fanban_module5_cad_tasks\2016_2114_qu24c3jw\plot_tasks\source_input_0051_i6k6wryr\source_input.dwg,친謹,2026/3/2 14:17:14,lenovo,DWG To PDF.pc3,ISO expand A0 (841.00 x 1189.00 봐쵠),1:26.2034,
C:\Users\lenovo\AppData\Local\Temp\fanban_module5_cad_tasks\2016_2114_qu24c3jw\plot_tasks\source_input_0051_i6k6wryr\source_input.dwg,친謹,2026/3/2 14:17:14,lenovo,DWG To PDF.pc3,ISO A1 (841.00 x 594.00 봐쵠),1:45.6378,
C:\Users\lenovo\AppData\Local\Temp\fanban_module5_cad_tasks\2016_2114_qu24c3jw\plot_tasks\source_input_0051_i6k6wryr\source_input.dwg,친謹,2026/3/2 14:17:15,lenovo,DWG To PDF.pc3,ISO A1 (841.00 x 594.00 봐쵠),1:45.6378,
C:\Users\lenovo\AppData\Local\Temp\fanban_module5_cad_tasks\2016_2114_qu24c3jw\plot_tasks\source_input_0051_i6k6wryr\source_input.dwg,친謹,2026/3/2 14:17:15,lenovo,DWG To PDF.pc3,ISO A1 (841.00 x 594.00 봐쵠),1:45.6378,
C:\Users\lenovo\AppData\Local\Temp\fanban_module5_cad_tasks\2016_2114_qu24c3jw\plot_tasks\source_input_0051_i6k6wryr\source_input.dwg,친謹,2026/3/2 14:17:15,lenovo,DWG To PDF.pc3,ISO A1 (841.00 x 594.00 봐쵠),1:55.7143,
C:\Users\lenovo\AppData\Local\Temp\fanban_module5_cad_tasks\2016_2114_qu24c3jw\plot_tasks\source_input_0051_i6k6wryr\source_input.dwg,친謹,2026/3/2 14:17:20,lenovo,DWG To PDF.pc3,ISO expand A0 (841.00 x 1189.00 봐쵠),1:78.6101,
C:\Users\lenovo\AppData\Local\Temp\fanban_module5_cad_tasks\2016_2114_qu24c3jw\plot_tasks\source_input_0051_i6k6wryr\source_input.dwg,친謹,2026/3/2 14:17:26,lenovo,DWG To PDF.pc3,ISO expand A0 (841.00 x 1189.00 봐쵠),1:78.6101,
C:\Users\lenovo\AppData\Local\Temp\fanban_module5_cad_tasks\2016_2114_qu24c3jw\plot_tasks\source_input_0051_i6k6wryr\source_input.dwg,친謹,2026/3/2 14:17:32,lenovo,DWG To PDF.pc3,ISO expand A0 (841.00 x 1189.00 봐쵠),1:78.6101,
C:\Users\lenovo\AppData\Local\Temp\fanban_module5_cad_tasks\2016_2114_qu24c3jw\plot_tasks\source_input_0051_i6k6wryr\source_input.dwg,친謹,2026/3/2 14:17:37,lenovo,DWG To PDF.pc3,ISO expand A0 (841.00 x 1189.00 봐쵠),1:52.4067,
C:\Users\lenovo\AppData\Local\Temp\fanban_module5_cad_tasks\2016_2114_qu24c3jw\plot_tasks\source_input_0051_i6k6wryr\source_input.dwg,친謹,2026/3/2 14:17:43,lenovo,DWG To PDF.pc3,ISO expand A0 (841.00 x 1189.00 봐쵠),1:78.6101,
C:\Users\lenovo\AppData\Local\Temp\fanban_module5_cad_tasks\2016_2114_qu24c3jw\plot_tasks\source_input_0051_i6k6wryr\source_input.dwg,친謹,2026/3/2 14:17:43,lenovo,DWG To PDF.pc3,ISO A1 (841.00 x 594.00 봐쵠),1:55.7143,
C:\Users\lenovo\AppData\Local\Temp\fanban_module5_cad_tasks\2016_2114_qu24c3jw\plot_tasks\source_input_0051_i6k6wryr\source_input.dwg,친謹,2026/3/2 14:17:43,lenovo,DWG To PDF.pc3,ISO A1 (841.00 x 594.00 봐쵠),1:55.7143,
C:\Users\lenovo\AppData\Local\Temp\fanban_module5_cad_tasks\2016_2114_qu24c3jw\plot_tasks\source_input_0051_i6k6wryr\source_input.dwg,친謹,2026/3/2 14:17:43,lenovo,DWG To PDF.pc3,ISO A1 (841.00 x 594.00 봐쵠),1:55.7143,
C:\Users\lenovo\AppData\Local\Temp\fanban_module5_cad_tasks\2016_2114_qu24c3jw\plot_tasks\source_input_0051_i6k6wryr\source_input.dwg,친謹,2026/3/2 14:17:43,lenovo,DWG To PDF.pc3,ISO A4 (210.00 x 297.00 봐쵠),1:62.1673,
C:\Users\lenovo\AppData\Local\Temp\fanban_module5_cad_tasks\2016_2114_qu24c3jw\plot_tasks\source_input_0051_i6k6wryr\source_input.dwg,친謹,2026/3/2 14:17:44,lenovo,DWG To PDF.pc3,ISO A4 (210.00 x 297.00 봐쵠),1:62.1673,
C:\Users\lenovo\AppData\Local\Temp\fanban_module5_cad_tasks\2016_2114_qu24c3jw\plot_tasks\source_input_0051_i6k6wryr\source_input.dwg,친謹,2026/3/2 14:17:44,lenovo,DWG To PDF.pc3,ISO A4 (210.00 x 297.00 봐쵠),1:62.1673,
C:\Users\lenovo\AppData\Local\Temp\fanban_module5_cad_tasks\2016_2114_qu24c3jw\plot_tasks\source_input_0051_i6k6wryr\source_input.dwg,친謹,2026/3/2 14:17:44,lenovo,DWG To PDF.pc3,ISO A4 (210.00 x 297.00 봐쵠),1:62.1673,
C:\Users\lenovo\AppData\Local\Temp\fanban_module5_cad_tasks\2016_4841_jvfuou42\plot_tasks\source_input_6357_mti5pexj\source_input.dwg,친謹,2026/3/2 16:23:16,lenovo,DWG To PDF.pc3,ISO A1 (841.00 x 594.00 봐쵠),1:45.6378,
C:\Users\lenovo\AppData\Local\Temp\fanban_module5_cad_tasks\2016_4841_jvfuou42\plot_tasks\source_input_6357_mti5pexj\source_input.dwg,친謹,2026/3/2 16:23:22,lenovo,DWG To PDF.pc3,ISO expand A0 (841.00 x 1189.00 봐쵠),1:26.2034,
C:\Users\lenovo\AppData\Local\Temp\fanban_module5_cad_tasks\2016_4841_jvfuou42\plot_tasks\source_input_6357_mti5pexj\source_input.dwg,친謹,2026/3/2 16:23:23,lenovo,DWG To PDF.pc3,ISO A1 (841.00 x 594.00 봐쵠),1:45.6378,
C:\Users\lenovo\AppData\Local\Temp\fanban_module5_cad_tasks\2016_4841_jvfuou42\plot_tasks\source_input_6357_mti5pexj\source_input.dwg,친謹,2026/3/2 16:23:23,lenovo,DWG To PDF.pc3,ISO A1 (841.00 x 594.00 봐쵠),1:45.6378,
C:\Users\lenovo\AppData\Local\Temp\fanban_module5_cad_tasks\2016_4841_jvfuou42\plot_tasks\source_input_6357_mti5pexj\source_input.dwg,친謹,2026/3/2 16:23:23,lenovo,DWG To PDF.pc3,ISO A1 (841.00 x 594.00 봐쵠),1:45.6378,
C:\Users\lenovo\AppData\Local\Temp\fanban_module5_cad_tasks\2016_4841_jvfuou42\plot_tasks\source_input_6357_mti5pexj\source_input.dwg,친謹,2026/3/2 16:23:23,lenovo,DWG To PDF.pc3,ISO A1 (841.00 x 594.00 봐쵠),1:55.7143,
C:\Users\lenovo\AppData\Local\Temp\fanban_module5_cad_tasks\2016_4841_jvfuou42\plot_tasks\source_input_6357_mti5pexj\source_input.dwg,친謹,2026/3/2 16:23:29,lenovo,DWG To PDF.pc3,ISO expand A0 (841.00 x 1189.00 봐쵠),1:78.6101,
C:\Users\lenovo\AppData\Local\Temp\fanban_module5_cad_tasks\2016_4841_jvfuou42\plot_tasks\source_input_6357_mti5pexj\source_input.dwg,친謹,2026/3/2 16:23:34,lenovo,DWG To PDF.pc3,ISO expand A0 (841.00 x 1189.00 봐쵠),1:78.6101,
C:\Users\lenovo\AppData\Local\Temp\fanban_module5_cad_tasks\2016_4841_jvfuou42\plot_tasks\source_input_6357_mti5pexj\source_input.dwg,친謹,2026/3/2 16:23:40,lenovo,DWG To PDF.pc3,ISO expand A0 (841.00 x 1189.00 봐쵠),1:78.6101,
C:\Users\lenovo\AppData\Local\Temp\fanban_module5_cad_tasks\2016_4841_jvfuou42\plot_tasks\source_input_6357_mti5pexj\source_input.dwg,친謹,2026/3/2 16:23:46,lenovo,DWG To PDF.pc3,ISO expand A0 (841.00 x 1189.00 봐쵠),1:52.4067,
C:\Users\lenovo\AppData\Local\Temp\fanban_module5_cad_tasks\2016_4841_jvfuou42\plot_tasks\source_input_6357_mti5pexj\source_input.dwg,친謹,2026/3/2 16:23:52,lenovo,DWG To PDF.pc3,ISO expand A0 (841.00 x 1189.00 봐쵠),1:78.6101,
C:\Users\lenovo\AppData\Local\Temp\fanban_module5_cad_tasks\2016_4841_jvfuou42\plot_tasks\source_input_6357_mti5pexj\source_input.dwg,친謹,2026/3/2 16:23:52,lenovo,DWG To PDF.pc3,ISO A1 (841.00 x 594.00 봐쵠),1:55.7143,
C:\Users\lenovo\AppData\Local\Temp\fanban_module5_cad_tasks\2016_4841_jvfuou42\plot_tasks\source_input_6357_mti5pexj\source_input.dwg,친謹,2026/3/2 16:23:52,lenovo,DWG To PDF.pc3,ISO A1 (841.00 x 594.00 봐쵠),1:55.7143,
C:\Users\lenovo\AppData\Local\Temp\fanban_module5_cad_tasks\2016_4841_jvfuou42\plot_tasks\source_input_6357_mti5pexj\source_input.dwg,친謹,2026/3/2 16:23:52,lenovo,DWG To PDF.pc3,ISO A1 (841.00 x 594.00 봐쵠),1:55.7143,
C:\Users\lenovo\AppData\Local\Temp\fanban_module5_cad_tasks\2016_4841_jvfuou42\plot_tasks\source_input_6357_mti5pexj\source_input.dwg,친謹,2026/3/2 16:23:52,lenovo,DWG To PDF.pc3,ISO A4 (210.00 x 297.00 봐쵠),1:62.1673,
C:\Users\lenovo\AppData\Local\Temp\fanban_module5_cad_tasks\2016_4841_jvfuou42\plot_tasks\source_input_6357_mti5pexj\source_input.dwg,친謹,2026/3/2 16:23:52,lenovo,DWG To PDF.pc3,ISO A4 (210.00 x 297.00 봐쵠),1:62.1673,
C:\Users\lenovo\AppData\Local\Temp\fanban_module5_cad_tasks\2016_4841_jvfuou42\plot_tasks\source_input_6357_mti5pexj\source_input.dwg,친謹,2026/3/2 16:23:52,lenovo,DWG To PDF.pc3,ISO A4 (210.00 x 297.00 봐쵠),1:62.1673,
C:\Users\lenovo\AppData\Local\Temp\fanban_module5_cad_tasks\2016_4841_jvfuou42\plot_tasks\source_input_6357_mti5pexj\source_input.dwg,친謹,2026/3/2 16:23:52,lenovo,DWG To PDF.pc3,ISO A4 (210.00 x 297.00 봐쵠),1:62.1673,
C:\Users\lenovo\AppData\Local\Temp\fanban_module5_cad_tasks\2016_4841_jvfuou42\plot_tasks\JD1NHJ11003B25C42SD_20161NH-JGS03-011_7451_13pufs16\source_input.dwg,친謹,2026/3/2 16:24:31,lenovo,DWG To PDF.pc3,ISO A1 (841.00 x 594.00 봐쵠),1:44.759,
C:\Users\lenovo\AppData\Local\Temp\fanban_module5_cad_tasks\2016_4841_jvfuou42\plot_tasks\JD1NHJ11004B25C42SD_20161NH-JGS03-012_2955_05vda9yj\source_input.dwg,친謹,2026/3/2 16:24:52,lenovo,DWG To PDF.pc3,ISO A1 (841.00 x 594.00 봐쵠),1:44.7567,
C:\Users\lenovo\AppData\Local\Temp\fanban_module5_cad_tasks\2016_4841_jvfuou42\plot_tasks\JD1NHJ11005B25C42SD_20161NH-JGS03-013_6052_uvdyku01\source_input.dwg,친謹,2026/3/2 16:25:12,lenovo,DWG To PDF.pc3,ISO A1 (841.00 x 594.00 봐쵠),1:44.7762,
C:\Users\lenovo\AppData\Local\Temp\fanban_module5_cad_tasks\2016_4841_jvfuou42\plot_tasks\JD1NHJ11024B25C42SD_20161NH-JGS03-032_7364_rzn7ahjz\source_input.dwg,친謹,2026/3/2 16:25:30,lenovo,DWG To PDF.pc3,ISO A1 (841.00 x 594.00 봐쵠),1:53.0519,
C:\Users\lenovo\AppData\Local\Temp\fanban_module5_cad_tasks\2016_4841_jvfuou42\plot_tasks\JD1NHH11007B25C42SD_20161NH-JGS03-007_9908_q6qkfvkm\source_input.dwg,친謹,2026/3/2 16:27:00,lenovo,DWG To PDF.pc3,ISO A1 (841.00 x 594.00 봐쵠),1:53.05,
C:\Users\lenovo\AppData\Local\Temp\fanban_module5_cad_tasks\2016_4841_jvfuou42\plot_tasks\JD1NHH11008B25C42SD_20161NH-JGS03-008_7132_nve5tgy8\source_input.dwg,친謹,2026/3/2 16:27:20,lenovo,DWG To PDF.pc3,ISO A1 (841.00 x 594.00 봐쵠),1:53.0474,
C:\Users\lenovo\AppData\Local\Temp\fanban_module5_cad_tasks\2016_4841_jvfuou42\plot_tasks\JD1NHH11001B25C42SD_20161NH-JGS03-001_2697_9isqfdtn\source_input.dwg,친謹,2026/3/2 16:27:41,lenovo,DWG To PDF.pc3,ISO A4 (210.00 x 297.00 봐쵠),1:62.1673,
C:\Users\lenovo\AppData\Local\Temp\fanban_module5_cad_tasks\2016_4841_jvfuou42\plot_tasks\JD1NHH11001B25C42SD_20161NH-JGS03-001_2697_n6k9fnw3\source_input.dwg,친謹,2026/3/2 16:28:00,lenovo,DWG To PDF.pc3,ISO A4 (210.00 x 297.00 봐쵠),1:62.1673,
C:\Users\lenovo\AppData\Local\Temp\fanban_module5_cad_tasks\2016_4841_jvfuou42\plot_tasks\JD1NHH11001B25C42SD_20161NH-JGS03-001_2697_falgykp9\source_input.dwg,친謹,2026/3/2 16:28:19,lenovo,DWG To PDF.pc3,ISO A4 (210.00 x 297.00 봐쵠),1:62.1673,
C:\Users\lenovo\AppData\Local\Temp\fanban_module5_cad_tasks\2016_4841_jvfuou42\plot_tasks\JD1NHH11001B25C42SD_20161NH-JGS03-001_2697_9_jsu4x6\source_input.dwg,친謹,2026/3/2 16:28:37,lenovo,DWG To PDF.pc3,ISO A4 (210.00 x 297.00 봐쵠),1:62.1673,
C:\Users\lenovo\AppData\Local\Temp\fanban_module5_cad_tasks\2016_2148_v7_5idy7\plot_tasks\source_input_5067_1erjwf7l\source_input.dwg,친謹,2026/3/2 16:32:05,lenovo,DWG To PDF.pc3,ISO A1 (841.00 x 594.00 봐쵠),1:45.6378,
C:\Users\lenovo\AppData\Local\Temp\fanban_module5_cad_tasks\2016_2148_v7_5idy7\plot_tasks\source_input_5067_1erjwf7l\source_input.dwg,친謹,2026/3/2 16:32:11,lenovo,DWG To PDF.pc3,ISO expand A0 (841.00 x 1189.00 봐쵠),1:26.2034,
C:\Users\lenovo\AppData\Local\Temp\fanban_module5_cad_tasks\2016_2148_v7_5idy7\plot_tasks\source_input_5067_1erjwf7l\source_input.dwg,친謹,2026/3/2 16:32:11,lenovo,DWG To PDF.pc3,ISO A1 (841.00 x 594.00 봐쵠),1:45.6378,
C:\Users\lenovo\AppData\Local\Temp\fanban_module5_cad_tasks\2016_2148_v7_5idy7\plot_tasks\source_input_5067_1erjwf7l\source_input.dwg,친謹,2026/3/2 16:32:11,lenovo,DWG To PDF.pc3,ISO A1 (841.00 x 594.00 봐쵠),1:45.6378,
C:\Users\lenovo\AppData\Local\Temp\fanban_module5_cad_tasks\2016_2148_v7_5idy7\plot_tasks\source_input_5067_1erjwf7l\source_input.dwg,친謹,2026/3/2 16:32:11,lenovo,DWG To PDF.pc3,ISO A1 (841.00 x 594.00 봐쵠),1:45.6378,
C:\Users\lenovo\AppData\Local\Temp\fanban_module5_cad_tasks\2016_2148_v7_5idy7\plot_tasks\source_input_5067_1erjwf7l\source_input.dwg,친謹,2026/3/2 16:32:11,lenovo,DWG To PDF.pc3,ISO A1 (841.00 x 594.00 봐쵠),1:55.7143,
C:\Users\lenovo\AppData\Local\Temp\fanban_module5_cad_tasks\2016_2148_v7_5idy7\plot_tasks\source_input_5067_1erjwf7l\source_input.dwg,친謹,2026/3/2 16:32:17,lenovo,DWG To PDF.pc3,ISO expand A0 (841.00 x 1189.00 봐쵠),1:78.6101,
C:\Users\lenovo\AppData\Local\Temp\fanban_module5_cad_tasks\2016_2148_v7_5idy7\plot_tasks\source_input_5067_1erjwf7l\source_input.dwg,친謹,2026/3/2 16:32:23,lenovo,DWG To PDF.pc3,ISO expand A0 (841.00 x 1189.00 봐쵠),1:78.6101,
C:\Users\lenovo\AppData\Local\Temp\fanban_module5_cad_tasks\2016_2148_v7_5idy7\plot_tasks\source_input_5067_1erjwf7l\source_input.dwg,친謹,2026/3/2 16:32:29,lenovo,DWG To PDF.pc3,ISO expand A0 (841.00 x 1189.00 봐쵠),1:78.6101,
C:\Users\lenovo\AppData\Local\Temp\fanban_module5_cad_tasks\2016_2148_v7_5idy7\plot_tasks\source_input_5067_1erjwf7l\source_input.dwg,친謹,2026/3/2 16:32:34,lenovo,DWG To PDF.pc3,ISO expand A0 (841.00 x 1189.00 봐쵠),1:52.4067,
C:\Users\lenovo\AppData\Local\Temp\fanban_module5_cad_tasks\2016_2148_v7_5idy7\plot_tasks\source_input_5067_1erjwf7l\source_input.dwg,친謹,2026/3/2 16:32:40,lenovo,DWG To PDF.pc3,ISO expand A0 (841.00 x 1189.00 봐쵠),1:78.6101,
C:\Users\lenovo\AppData\Local\Temp\fanban_module5_cad_tasks\2016_2148_v7_5idy7\plot_tasks\source_input_5067_1erjwf7l\source_input.dwg,친謹,2026/3/2 16:32:40,lenovo,DWG To PDF.pc3,ISO A1 (841.00 x 594.00 봐쵠),1:55.7143,
C:\Users\lenovo\AppData\Local\Temp\fanban_module5_cad_tasks\2016_2148_v7_5idy7\plot_tasks\source_input_5067_1erjwf7l\source_input.dwg,친謹,2026/3/2 16:32:40,lenovo,DWG To PDF.pc3,ISO A1 (841.00 x 594.00 봐쵠),1:55.7143,
C:\Users\lenovo\AppData\Local\Temp\fanban_module5_cad_tasks\2016_2148_v7_5idy7\plot_tasks\source_input_5067_1erjwf7l\source_input.dwg,친謹,2026/3/2 16:32:40,lenovo,DWG To PDF.pc3,ISO A1 (841.00 x 594.00 봐쵠),1:55.7143,
C:\Users\lenovo\AppData\Local\Temp\fanban_module5_cad_tasks\2016_2148_v7_5idy7\plot_tasks\source_input_5067_1erjwf7l\source_input.dwg,친謹,2026/3/2 16:32:40,lenovo,DWG To PDF.pc3,ISO A4 (210.00 x 297.00 봐쵠),1:62.1673,
C:\Users\lenovo\AppData\Local\Temp\fanban_module5_cad_tasks\2016_2148_v7_5idy7\plot_tasks\source_input_5067_1erjwf7l\source_input.dwg,친謹,2026/3/2 16:32:40,lenovo,DWG To PDF.pc3,ISO A4 (210.00 x 297.00 봐쵠),1:62.1673,
C:\Users\lenovo\AppData\Local\Temp\fanban_module5_cad_tasks\2016_2148_v7_5idy7\plot_tasks\source_input_5067_1erjwf7l\source_input.dwg,친謹,2026/3/2 16:32:41,lenovo,DWG To PDF.pc3,ISO A4 (210.00 x 297.00 봐쵠),1:62.1673,
C:\Users\lenovo\AppData\Local\Temp\fanban_module5_cad_tasks\2016_2148_v7_5idy7\plot_tasks\source_input_5067_1erjwf7l\source_input.dwg,친謹,2026/3/2 16:32:41,lenovo,DWG To PDF.pc3,ISO A4 (210.00 x 297.00 봐쵠),1:62.1673,
C:\Users\lenovo\AppData\Local\Temp\fanban_module5_cad_tasks\2016_2148_v7_5idy7\plot_tasks\JD1NHJ11003B25C42SD_20161NH-JGS03-011_0253_cmjxxn_y\source_input.dwg,친謹,2026/3/2 16:33:12,lenovo,DWG To PDF.pc3,ISO A1 (841.00 x 594.00 봐쵠),1:44.759,
C:\Users\lenovo\AppData\Local\Temp\fanban_module5_cad_tasks\2016_2148_v7_5idy7\plot_tasks\JD1NHJ11004B25C42SD_20161NH-JGS03-012_9971_18ck3vnf\source_input.dwg,친謹,2026/3/2 16:33:28,lenovo,DWG To PDF.pc3,ISO A1 (841.00 x 594.00 봐쵠),1:44.7567,
C:\Users\lenovo\AppData\Local\Temp\fanban_module5_cad_tasks\2016_2148_v7_5idy7\plot_tasks\JD1NHJ11005B25C42SD_20161NH-JGS03-013_2884_2hqxei7q\source_input.dwg,친謹,2026/3/2 16:33:46,lenovo,DWG To PDF.pc3,ISO A1 (841.00 x 594.00 봐쵠),1:44.7762,
C:\Users\lenovo\AppData\Local\Temp\fanban_module5_cad_tasks\2016_2148_v7_5idy7\plot_tasks\JD1NHJ11024B25C42SD_20161NH-JGS03-032_2300_9cmv0ekf\source_input.dwg,친謹,2026/3/2 16:34:05,lenovo,DWG To PDF.pc3,ISO A1 (841.00 x 594.00 봐쵠),1:53.0519,
C:\Users\lenovo\AppData\Local\Temp\fanban_module5_cad_tasks\2016_2148_v7_5idy7\plot_tasks\JD1NHH11007B25C42SD_20161NH-JGS03-007_5346_yzoq521j\source_input.dwg,친謹,2026/3/2 16:35:30,lenovo,DWG To PDF.pc3,ISO A1 (841.00 x 594.00 봐쵠),1:53.05,
C:\Users\lenovo\AppData\Local\Temp\fanban_module5_cad_tasks\2016_2148_v7_5idy7\plot_tasks\JD1NHH11008B25C42SD_20161NH-JGS03-008_8605_ldlrwmws\source_input.dwg,친謹,2026/3/2 16:35:46,lenovo,DWG To PDF.pc3,ISO A1 (841.00 x 594.00 봐쵠),1:53.0474,
C:\Users\lenovo\AppData\Local\Temp\fanban_module5_cad_tasks\2016_2148_v7_5idy7\plot_tasks\JD1NHH11001B25C42SD_20161NH-JGS03-001_9317_l88xikp_\source_input.dwg,친謹,2026/3/2 16:36:04,lenovo,DWG To PDF.pc3,ISO A4 (210.00 x 297.00 봐쵠),1:62.1673,
C:\Users\lenovo\AppData\Local\Temp\fanban_module5_cad_tasks\2016_2148_v7_5idy7\plot_tasks\JD1NHH11001B25C42SD_20161NH-JGS03-001_9317_uk_6h_vr\source_input.dwg,친謹,2026/3/2 16:36:19,lenovo,DWG To PDF.pc3,ISO A4 (210.00 x 297.00 봐쵠),1:62.1673,
C:\Users\lenovo\AppData\Local\Temp\fanban_module5_cad_tasks\2016_2148_v7_5idy7\plot_tasks\JD1NHH11001B25C42SD_20161NH-JGS03-001_9317_f30f1o06\source_input.dwg,친謹,2026/3/2 16:36:34,lenovo,DWG To PDF.pc3,ISO A4 (210.00 x 297.00 봐쵠),1:62.1673,
C:\Users\lenovo\AppData\Local\Temp\fanban_module5_cad_tasks\2016_2148_v7_5idy7\plot_tasks\JD1NHH11001B25C42SD_20161NH-JGS03-001_9317_8pjpplor\source_input.dwg,친謹,2026/3/2 16:36:49,lenovo,DWG To PDF.pc3,ISO A4 (210.00 x 297.00 봐쵠),1:62.1673,
C:\Users\lenovo\AppData\Local\Temp\fanban_module5_cad_tasks\2016_1043__o6u6fzb\plot_tasks\source_input_7172_okgz7kw5\source_input.dwg,친謹,2026/3/2 16:39:58,lenovo,DWG To PDF.pc3,ISO A1 (841.00 x 594.00 봐쵠),1:45.6378,
C:\Users\lenovo\AppData\Local\Temp\fanban_module5_cad_tasks\2016_1043__o6u6fzb\plot_tasks\source_input_7172_okgz7kw5\source_input.dwg,친謹,2026/3/2 16:40:05,lenovo,DWG To PDF.pc3,ISO expand A0 (841.00 x 1189.00 봐쵠),1:26.2034,
C:\Users\lenovo\AppData\Local\Temp\fanban_module5_cad_tasks\2016_1043__o6u6fzb\plot_tasks\source_input_7172_okgz7kw5\source_input.dwg,친謹,2026/3/2 16:40:05,lenovo,DWG To PDF.pc3,ISO A1 (841.00 x 594.00 봐쵠),1:45.6378,
C:\Users\lenovo\AppData\Local\Temp\fanban_module5_cad_tasks\2016_1043__o6u6fzb\plot_tasks\source_input_7172_okgz7kw5\source_input.dwg,친謹,2026/3/2 16:40:05,lenovo,DWG To PDF.pc3,ISO A1 (841.00 x 594.00 봐쵠),1:45.6378,
C:\Users\lenovo\AppData\Local\Temp\fanban_module5_cad_tasks\2016_1043__o6u6fzb\plot_tasks\source_input_7172_okgz7kw5\source_input.dwg,친謹,2026/3/2 16:40:05,lenovo,DWG To PDF.pc3,ISO A1 (841.00 x 594.00 봐쵠),1:45.6378,
C:\Users\lenovo\AppData\Local\Temp\fanban_module5_cad_tasks\2016_1043__o6u6fzb\plot_tasks\source_input_7172_okgz7kw5\source_input.dwg,친謹,2026/3/2 16:40:05,lenovo,DWG To PDF.pc3,ISO A1 (841.00 x 594.00 봐쵠),1:55.7143,
C:\Users\lenovo\AppData\Local\Temp\fanban_module5_cad_tasks\2016_1043__o6u6fzb\plot_tasks\source_input_7172_okgz7kw5\source_input.dwg,친謹,2026/3/2 16:40:11,lenovo,DWG To PDF.pc3,ISO expand A0 (841.00 x 1189.00 봐쵠),1:78.6101,
C:\Users\lenovo\AppData\Local\Temp\fanban_module5_cad_tasks\2016_1043__o6u6fzb\plot_tasks\source_input_7172_okgz7kw5\source_input.dwg,친謹,2026/3/2 16:40:16,lenovo,DWG To PDF.pc3,ISO expand A0 (841.00 x 1189.00 봐쵠),1:78.6101,
C:\Users\lenovo\AppData\Local\Temp\fanban_module5_cad_tasks\2016_1043__o6u6fzb\plot_tasks\source_input_7172_okgz7kw5\source_input.dwg,친謹,2026/3/2 16:40:22,lenovo,DWG To PDF.pc3,ISO expand A0 (841.00 x 1189.00 봐쵠),1:78.6101,
C:\Users\lenovo\AppData\Local\Temp\fanban_module5_cad_tasks\2016_1043__o6u6fzb\plot_tasks\source_input_7172_okgz7kw5\source_input.dwg,친謹,2026/3/2 16:40:28,lenovo,DWG To PDF.pc3,ISO expand A0 (841.00 x 1189.00 봐쵠),1:52.4067,
C:\Users\lenovo\AppData\Local\Temp\fanban_module5_cad_tasks\2016_1043__o6u6fzb\plot_tasks\source_input_7172_okgz7kw5\source_input.dwg,친謹,2026/3/2 16:40:33,lenovo,DWG To PDF.pc3,ISO expand A0 (841.00 x 1189.00 봐쵠),1:78.6101,
C:\Users\lenovo\AppData\Local\Temp\fanban_module5_cad_tasks\2016_1043__o6u6fzb\plot_tasks\source_input_7172_okgz7kw5\source_input.dwg,친謹,2026/3/2 16:40:34,lenovo,DWG To PDF.pc3,ISO A1 (841.00 x 594.00 봐쵠),1:55.7143,
C:\Users\lenovo\AppData\Local\Temp\fanban_module5_cad_tasks\2016_1043__o6u6fzb\plot_tasks\source_input_7172_okgz7kw5\source_input.dwg,친謹,2026/3/2 16:40:34,lenovo,DWG To PDF.pc3,ISO A1 (841.00 x 594.00 봐쵠),1:55.7143,
C:\Users\lenovo\AppData\Local\Temp\fanban_module5_cad_tasks\2016_1043__o6u6fzb\plot_tasks\source_input_7172_okgz7kw5\source_input.dwg,친謹,2026/3/2 16:40:34,lenovo,DWG To PDF.pc3,ISO A1 (841.00 x 594.00 봐쵠),1:55.7143,
C:\Users\lenovo\AppData\Local\Temp\fanban_module5_cad_tasks\2016_1043__o6u6fzb\plot_tasks\source_input_7172_okgz7kw5\source_input.dwg,친謹,2026/3/2 16:40:34,lenovo,DWG To PDF.pc3,ISO A4 (210.00 x 297.00 봐쵠),1:62.1673,
C:\Users\lenovo\AppData\Local\Temp\fanban_module5_cad_tasks\2016_1043__o6u6fzb\plot_tasks\source_input_7172_okgz7kw5\source_input.dwg,친謹,2026/3/2 16:40:34,lenovo,DWG To PDF.pc3,ISO A4 (210.00 x 297.00 봐쵠),1:62.1673,
C:\Users\lenovo\AppData\Local\Temp\fanban_module5_cad_tasks\2016_1043__o6u6fzb\plot_tasks\source_input_7172_okgz7kw5\source_input.dwg,친謹,2026/3/2 16:40:34,lenovo,DWG To PDF.pc3,ISO A4 (210.00 x 297.00 봐쵠),1:62.1673,
C:\Users\lenovo\AppData\Local\Temp\fanban_module5_cad_tasks\2016_1043__o6u6fzb\plot_tasks\source_input_7172_okgz7kw5\source_input.dwg,친謹,2026/3/2 16:40:34,lenovo,DWG To PDF.pc3,ISO A4 (210.00 x 297.00 봐쵠),1:62.1673,
C:\Users\lenovo\AppData\Local\Temp\fanban_module5_cad_tasks\2016_1325_pa0mh5dj\plot_tasks\source_input_0617_9n3bfgen\source_input.dwg,친謹,2026/3/2 18:00:46,lenovo,DWG To PDF.pc3,ISO A1 (841.00 x 594.00 봐쵠),1:45.6378,
C:\Users\lenovo\AppData\Local\Temp\fanban_module5_cad_tasks\2016_1325_pa0mh5dj\plot_tasks\source_input_0617_9n3bfgen\source_input.dwg,친謹,2026/3/2 18:00:52,lenovo,DWG To PDF.pc3,ISO expand A0 (841.00 x 1189.00 봐쵠),1:26.2034,
C:\Users\lenovo\AppData\Local\Temp\fanban_module5_cad_tasks\2016_1325_pa0mh5dj\plot_tasks\source_input_0617_9n3bfgen\source_input.dwg,친謹,2026/3/2 18:00:52,lenovo,DWG To PDF.pc3,ISO A1 (841.00 x 594.00 봐쵠),1:45.6378,
C:\Users\lenovo\AppData\Local\Temp\fanban_module5_cad_tasks\2016_1325_pa0mh5dj\plot_tasks\source_input_0617_9n3bfgen\source_input.dwg,친謹,2026/3/2 18:00:52,lenovo,DWG To PDF.pc3,ISO A1 (841.00 x 594.00 봐쵠),1:45.6378,
C:\Users\lenovo\AppData\Local\Temp\fanban_module5_cad_tasks\2016_1325_pa0mh5dj\plot_tasks\source_input_0617_9n3bfgen\source_input.dwg,친謹,2026/3/2 18:00:53,lenovo,DWG To PDF.pc3,ISO A1 (841.00 x 594.00 봐쵠),1:45.6378,
C:\Users\lenovo\AppData\Local\Temp\fanban_module5_cad_tasks\2016_1325_pa0mh5dj\plot_tasks\source_input_0617_9n3bfgen\source_input.dwg,친謹,2026/3/2 18:00:53,lenovo,DWG To PDF.pc3,ISO A1 (841.00 x 594.00 봐쵠),1:55.7143,
C:\Users\lenovo\AppData\Local\Temp\fanban_module5_cad_tasks\2016_1325_pa0mh5dj\plot_tasks\source_input_0617_9n3bfgen\source_input.dwg,친謹,2026/3/2 18:00:58,lenovo,DWG To PDF.pc3,ISO expand A0 (841.00 x 1189.00 봐쵠),1:78.6101,
C:\Users\lenovo\AppData\Local\Temp\fanban_module5_cad_tasks\2016_1325_pa0mh5dj\plot_tasks\source_input_0617_9n3bfgen\source_input.dwg,친謹,2026/3/2 18:01:04,lenovo,DWG To PDF.pc3,ISO expand A0 (841.00 x 1189.00 봐쵠),1:78.6101,
C:\Users\lenovo\AppData\Local\Temp\fanban_module5_cad_tasks\2016_1325_pa0mh5dj\plot_tasks\source_input_0617_9n3bfgen\source_input.dwg,친謹,2026/3/2 18:01:10,lenovo,DWG To PDF.pc3,ISO expand A0 (841.00 x 1189.00 봐쵠),1:78.6101,
C:\Users\lenovo\AppData\Local\Temp\fanban_module5_cad_tasks\2016_1325_pa0mh5dj\plot_tasks\source_input_0617_9n3bfgen\source_input.dwg,친謹,2026/3/2 18:01:15,lenovo,DWG To PDF.pc3,ISO expand A0 (841.00 x 1189.00 봐쵠),1:52.4067,
C:\Users\lenovo\AppData\Local\Temp\fanban_module5_cad_tasks\2016_1325_pa0mh5dj\plot_tasks\source_input_0617_9n3bfgen\source_input.dwg,친謹,2026/3/2 18:01:21,lenovo,DWG To PDF.pc3,ISO expand A0 (841.00 x 1189.00 봐쵠),1:78.6101,
C:\Users\lenovo\AppData\Local\Temp\fanban_module5_cad_tasks\2016_1325_pa0mh5dj\plot_tasks\source_input_0617_9n3bfgen\source_input.dwg,친謹,2026/3/2 18:01:21,lenovo,DWG To PDF.pc3,ISO A1 (841.00 x 594.00 봐쵠),1:55.7143,
C:\Users\lenovo\AppData\Local\Temp\fanban_module5_cad_tasks\2016_1325_pa0mh5dj\plot_tasks\source_input_0617_9n3bfgen\source_input.dwg,친謹,2026/3/2 18:01:21,lenovo,DWG To PDF.pc3,ISO A1 (841.00 x 594.00 봐쵠),1:55.7143,
C:\Users\lenovo\AppData\Local\Temp\fanban_module5_cad_tasks\2016_1325_pa0mh5dj\plot_tasks\source_input_0617_9n3bfgen\source_input.dwg,친謹,2026/3/2 18:01:21,lenovo,DWG To PDF.pc3,ISO A1 (841.00 x 594.00 봐쵠),1:55.7143,
C:\Users\lenovo\AppData\Local\Temp\fanban_module5_cad_tasks\2016_1325_pa0mh5dj\plot_tasks\source_input_0617_9n3bfgen\source_input.dwg,친謹,2026/3/2 18:01:22,lenovo,DWG To PDF.pc3,ISO A4 (210.00 x 297.00 봐쵠),1:62.1673,
C:\Users\lenovo\AppData\Local\Temp\fanban_module5_cad_tasks\2016_1325_pa0mh5dj\plot_tasks\source_input_0617_9n3bfgen\source_input.dwg,친謹,2026/3/2 18:01:22,lenovo,DWG To PDF.pc3,ISO A4 (210.00 x 297.00 봐쵠),1:62.1673,
C:\Users\lenovo\AppData\Local\Temp\fanban_module5_cad_tasks\2016_1325_pa0mh5dj\plot_tasks\source_input_0617_9n3bfgen\source_input.dwg,친謹,2026/3/2 18:01:22,lenovo,DWG To PDF.pc3,ISO A4 (210.00 x 297.00 봐쵠),1:62.1673,
C:\Users\lenovo\AppData\Local\Temp\fanban_module5_cad_tasks\2016_1325_pa0mh5dj\plot_tasks\source_input_0617_9n3bfgen\source_input.dwg,친謹,2026/3/2 18:01:22,lenovo,DWG To PDF.pc3,ISO A4 (210.00 x 297.00 봐쵠),1:62.1673,
C:\Users\lenovo\AppData\Local\Temp\fanban_module5_cad_tasks\2016_2604_6mxdwsit\plot_tasks\JD1NHJ11001B25C42SD_20161NH-JGS03-009_2100_7_nf20ij\source_input.dwg,친謹,2026/3/2 18:16:16,lenovo,DWG To PDF.pc3,ISO A1 (841.00 x 594.00 봐쵠),1:44.7353,
C:\Users\lenovo\AppData\Local\Temp\fanban_module5_cad_tasks\2016_2604_6mxdwsit\plot_tasks\JD1NHJ11002B25C42SD_20161NH-JGS03-010_6965_lsyg9tcx\source_input.dwg,친謹,2026/3/2 18:16:24,lenovo,DWG To PDF.pc3,ISO A0 (841.00 x 1189.00 봐쵠),1:35.7702,
C:\Users\lenovo\AppData\Local\Temp\fanban_module5_cad_tasks\2016_2604_6mxdwsit\plot_tasks\JD1NHJ11003B25C42SD_20161NH-JGS03-011_0079_027w0755\source_input.dwg,친謹,2026/3/2 18:16:32,lenovo,DWG To PDF.pc3,ISO A1 (841.00 x 594.00 봐쵠),1:44.7353,
C:\Users\lenovo\AppData\Local\Temp\fanban_module5_cad_tasks\2016_2604_6mxdwsit\plot_tasks\JD1NHJ11004B25C42SD_20161NH-JGS03-012_8797_cqlqx0b8\source_input.dwg,친謹,2026/3/2 18:16:39,lenovo,DWG To PDF.pc3,ISO A1 (841.00 x 594.00 봐쵠),1:44.7353,
C:\Users\lenovo\AppData\Local\Temp\fanban_module5_cad_tasks\2016_2604_6mxdwsit\plot_tasks\JD1NHJ11005B25C42SD_20161NH-JGS03-013_6747_tybyi4z5\source_input.dwg,친謹,2026/3/2 18:16:48,lenovo,DWG To PDF.pc3,ISO A1 (841.00 x 594.00 봐쵠),1:44.7353,
C:\Users\lenovo\AppData\Local\Temp\fanban_module5_cad_tasks\2016_2604_6mxdwsit\plot_tasks\JD1NHJ11024B25C42SD_20161NH-JGS03-032_1281_fnbefvrm\source_input.dwg,친謹,2026/3/2 18:16:56,lenovo,DWG To PDF.pc3,ISO A1 (841.00 x 594.00 봐쵠),1:53.0357,
C:\Users\lenovo\AppData\Local\Temp\fanban_module5_cad_tasks\2016_2604_6mxdwsit\plot_tasks\JD1NHH11003B25C42SD_20161NH-JGS03-003_6696_vsxpgz1q\source_input.dwg,친謹,2026/3/2 18:17:04,lenovo,DWG To PDF.pc3,ISO A0 (841.00 x 1189.00 봐쵠),1:107.31,
C:\Users\lenovo\AppData\Local\Temp\fanban_module5_cad_tasks\2016_2604_6mxdwsit\plot_tasks\JD1NHH11002B25C42SD_20161NH-JGS03-002_9507_oyy2arda\source_input.dwg,친謹,2026/3/2 18:17:13,lenovo,DWG To PDF.pc3,ISO A0 (841.00 x 1189.00 봐쵠),1:107.31,
C:\Users\lenovo\AppData\Local\Temp\fanban_module5_cad_tasks\2016_2604_6mxdwsit\plot_tasks\JD1NHH11004B25C42SD_20161NH-JGS03-004_2348_5wf6gh9q\source_input.dwg,친謹,2026/3/2 18:17:21,lenovo,DWG To PDF.pc3,ISO A0 (841.00 x 1189.00 봐쵠),1:107.31,
C:\Users\lenovo\AppData\Local\Temp\fanban_module5_cad_tasks\2016_2604_6mxdwsit\plot_tasks\JD1NHH11005B25C42SD_20161NH-JGS03-005_9774_uoou8kq6\source_input.dwg,친謹,2026/3/2 18:17:29,lenovo,DWG To PDF.pc3,ISO A0 (841.00 x 1189.00 봐쵠),1:72.7568,
C:\Users\lenovo\AppData\Local\Temp\fanban_module5_cad_tasks\2016_2604_6mxdwsit\plot_tasks\JD1NHH11006B25C42SD_20161NH-JGS03-006_6575_xediasp1\source_input.dwg,친謹,2026/3/2 18:17:37,lenovo,DWG To PDF.pc3,ISO A0 (841.00 x 1189.00 봐쵠),1:107.31,
C:\Users\lenovo\AppData\Local\Temp\fanban_module5_cad_tasks\2016_2604_6mxdwsit\plot_tasks\JD1NHH11007B25C42SD_20161NH-JGS03-007_5873_649yf9_c\source_input.dwg,친謹,2026/3/2 18:17:46,lenovo,DWG To PDF.pc3,ISO A1 (841.00 x 594.00 봐쵠),1:53.0357,
C:\Users\lenovo\AppData\Local\Temp\fanban_module5_cad_tasks\2016_2604_6mxdwsit\plot_tasks\JD1NHH11008B25C42SD_20161NH-JGS03-008_9308_yc9htb9u\source_input.dwg,친謹,2026/3/2 18:17:53,lenovo,DWG To PDF.pc3,ISO A1 (841.00 x 594.00 봐쵠),1:53.0357,
C:\Users\lenovo\AppData\Local\Temp\fanban_module5_cad_tasks\2016_2604_6mxdwsit\plot_tasks\JD1NHJ11024B25C42SD_20161NH-JGS03-033_1406_g06pp_ga\source_input.dwg,친謹,2026/3/2 18:18:01,lenovo,DWG To PDF.pc3,ISO A1 (841.00 x 594.00 봐쵠),1:53.0357,
C:\Users\lenovo\AppData\Local\Temp\fanban_module5_cad_tasks\2016_2604_6mxdwsit\plot_tasks\JD1NHH11001B25C42SD_20161NH-JGS03-001___p1_5659_jfetf33h\source_input.dwg,친謹,2026/3/2 18:18:08,lenovo,DWG To PDF.pc3,ISO A4 (210.00 x 297.00 봐쵠),1:74.25,
C:\Users\lenovo\AppData\Local\Temp\fanban_module5_cad_tasks\2016_2604_6mxdwsit\plot_tasks\JD1NHH11001B25C42SD_20161NH-JGS03-001___p2_9127_zu10x_ix\source_input.dwg,친謹,2026/3/2 18:18:17,lenovo,DWG To PDF.pc3,ISO A4 (210.00 x 297.00 봐쵠),1:74.25,
C:\Users\lenovo\AppData\Local\Temp\fanban_module5_cad_tasks\2016_2604_6mxdwsit\plot_tasks\JD1NHH11001B25C42SD_20161NH-JGS03-001___p3_7411_nw_03atj\source_input.dwg,친謹,2026/3/2 18:18:23,lenovo,DWG To PDF.pc3,ISO A4 (210.00 x 297.00 봐쵠),1:74.25,
C:\Users\lenovo\AppData\Local\Temp\fanban_module5_cad_tasks\2016_2604_6mxdwsit\plot_tasks\JD1NHH11001B25C42SD_20161NH-JGS03-001___p4_3892_yb0ad3do\source_input.dwg,친謹,2026/3/2 18:18:30,lenovo,DWG To PDF.pc3,ISO A4 (210.00 x 297.00 봐쵠),1:74.25,
C:\Users\lenovo\AppData\Local\Temp\fanban_module5_cad_tasks\2016_3276_r5hyb0xj\plot_tasks\JD1NHH11002B25C42SD_20161NH-JGS03-002_4312_jltsp3dq\source_input.dwg,친謹,2026/3/3 2:52:08,lenovo,DWG To PDF.pc3,ISO A0 (841.00 x 1189.00 봐쵠),1:110.018,
C:\Users\lenovo\AppData\Local\Temp\fanban_module5_cad_tasks\2016_3276_r5hyb0xj\plot_tasks\JD1NHH11004B25C42SD_20161NH-JGS03-004_0006__q228x4b\source_input.dwg,친謹,2026/3/3 2:52:20,lenovo,DWG To PDF.pc3,ISO A0 (841.00 x 1189.00 봐쵠),1:110.018,
C:\Users\lenovo\AppData\Local\Temp\fanban_module5_cad_tasks\2016_3276_r5hyb0xj\plot_tasks\JD1NHH11005B25C42SD_20161NH-JGS03-005_0198_pzzneix0\source_input.dwg,친謹,2026/3/3 2:52:30,lenovo,DWG To PDF.pc3,ISO A0 (841.00 x 1189.00 봐쵠),1:73.3453,
C:\Users\lenovo\AppData\Local\Temp\fanban_module5_cad_tasks\2016_3276_r5hyb0xj\plot_tasks\JD1NHH11006B25C42SD_20161NH-JGS03-006_8235_qcmremb6\source_input.dwg,친謹,2026/3/3 2:52:41,lenovo,DWG To PDF.pc3,ISO A0 (841.00 x 1189.00 봐쵠),1:110.018,
C:\Users\lenovo\AppData\Local\Temp\fanban_module5_cad_tasks\2016_3276_r5hyb0xj\plot_tasks\JD1NHH11007B25C42SD_20161NH-JGS03-007_1980_orui_x5m\source_input.dwg,친謹,2026/3/3 2:52:51,lenovo,DWG To PDF.pc3,ISO A1 (841.00 x 594.00 봐쵠),1:55.7143,
C:\Users\lenovo\AppData\Local\Temp\fanban_module5_cad_tasks\2016_3276_r5hyb0xj\plot_tasks\JD1NHH11008B25C42SD_20161NH-JGS03-008_1065_n4kackdm\source_input.dwg,친謹,2026/3/3 2:53:01,lenovo,DWG To PDF.pc3,ISO A1 (841.00 x 594.00 봐쵠),1:55.7143,
C:\Users\lenovo\AppData\Local\Temp\fanban_module5_cad_tasks\2016_2612_hwcv43hc\plot_tasks\source_input_8943_6pv1s7o2\source_input.dwg,친謹,2026/3/3 2:55:49,lenovo,DWG To PDF.pc3,ISO A0 (841.00 x 1189.00 봐쵠),1:36.6727,
C:\Users\lenovo\AppData\Local\Temp\fanban_module5_cad_tasks\2016_2612_hwcv43hc\plot_tasks\source_input_8943_6pv1s7o2\source_input.dwg,친謹,2026/3/3 2:56:11,lenovo,DWG To PDF.pc3,ISO A1 (841.00 x 594.00 봐쵠),1:55.7143,
C:\Users\lenovo\AppData\Local\Temp\fanban_module5_cad_tasks\2016_2612_hwcv43hc\plot_tasks\source_input_8943_6pv1s7o2\source_input.dwg,친謹,2026/3/3 2:56:12,lenovo,DWG To PDF.pc3,ISO A0 (841.00 x 1189.00 봐쵠),1:110.018,
C:\Users\lenovo\AppData\Local\Temp\fanban_module5_cad_tasks\2016_2612_hwcv43hc\plot_tasks\source_input_8943_6pv1s7o2\source_input.dwg,친謹,2026/3/3 2:56:14,lenovo,DWG To PDF.pc3,ISO A0 (841.00 x 1189.00 봐쵠),1:110.018,
C:\Users\lenovo\AppData\Local\Temp\fanban_module5_cad_tasks\2016_2612_hwcv43hc\plot_tasks\source_input_8943_6pv1s7o2\source_input.dwg,친謹,2026/3/3 2:56:15,lenovo,DWG To PDF.pc3,ISO A0 (841.00 x 1189.00 봐쵠),1:110.018,
C:\Users\lenovo\AppData\Local\Temp\fanban_module5_cad_tasks\2016_2612_hwcv43hc\plot_tasks\source_input_8943_6pv1s7o2\source_input.dwg,친謹,2026/3/3 2:56:16,lenovo,DWG To PDF.pc3,ISO A0 (841.00 x 1189.00 봐쵠),1:73.3453,
C:\Users\lenovo\AppData\Local\Temp\fanban_module5_cad_tasks\2016_2612_hwcv43hc\plot_tasks\source_input_8943_6pv1s7o2\source_input.dwg,친謹,2026/3/3 2:56:17,lenovo,DWG To PDF.pc3,ISO A0 (841.00 x 1189.00 봐쵠),1:110.018,
C:\Users\lenovo\AppData\Local\Temp\fanban_module5_cad_tasks\2016_2612_hwcv43hc\plot_tasks\source_input_8943_6pv1s7o2\source_input.dwg,친謹,2026/3/3 2:56:18,lenovo,DWG To PDF.pc3,ISO A1 (841.00 x 594.00 봐쵠),1:55.7143,
C:\Users\lenovo\AppData\Local\Temp\fanban_module5_cad_tasks\2016_2612_hwcv43hc\plot_tasks\source_input_8943_6pv1s7o2\source_input.dwg,친謹,2026/3/3 2:56:19,lenovo,DWG To PDF.pc3,ISO A1 (841.00 x 594.00 봐쵠),1:55.7143,
C:\Users\lenovo\AppData\Local\Temp\fanban_module5_cad_tasks\2016_2612_hwcv43hc\plot_tasks\source_input_8943_6pv1s7o2\source_input.dwg,친謹,2026/3/3 2:56:20,lenovo,DWG To PDF.pc3,ISO A1 (841.00 x 594.00 봐쵠),1:55.7143,
C:\Users\lenovo\AppData\Local\Temp\fanban_module5_cad_tasks\2016_2612_hwcv43hc\plot_tasks\source_input_8943_6pv1s7o2\source_input.dwg,친謹,2026/3/3 2:56:22,lenovo,DWG To PDF.pc3,ISO A4 (210.00 x 297.00 봐쵠),1:81.75,
C:\Users\lenovo\AppData\Local\Temp\fanban_module5_cad_tasks\2016_2612_hwcv43hc\plot_tasks\source_input_8943_6pv1s7o2\source_input.dwg,친謹,2026/3/3 2:56:23,lenovo,DWG To PDF.pc3,ISO A4 (210.00 x 297.00 봐쵠),1:81.75,
C:\Users\lenovo\AppData\Local\Temp\fanban_module5_cad_tasks\2016_2612_hwcv43hc\plot_tasks\source_input_8943_6pv1s7o2\source_input.dwg,친謹,2026/3/3 2:56:23,lenovo,DWG To PDF.pc3,ISO A4 (210.00 x 297.00 봐쵠),1:81.75,
C:\Users\lenovo\AppData\Local\Temp\fanban_module5_cad_tasks\2016_2612_hwcv43hc\plot_tasks\source_input_8943_6pv1s7o2\source_input.dwg,친謹,2026/3/3 2:56:23,lenovo,DWG To PDF.pc3,ISO A4 (210.00 x 297.00 봐쵠),1:81.75,
C:\Users\lenovo\AppData\Local\Temp\fanban_module5_cad_tasks\2016_2612_hwcv43hc\plot_tasks\JD1NHJ11002B25C42SD_20161NH-JGS03-010_2464_y77hx9ya\source_input.dwg,친謹,2026/3/3 2:56:40,lenovo,DWG To PDF.pc3,ISO A0 (841.00 x 1189.00 봐쵠),1:36.6727,
C:\Users\lenovo\AppData\Local\Temp\fanban_module5_cad_tasks\2016_2612_hwcv43hc\plot_tasks\JD1NHH11003B25C42SD_20161NH-JGS03-003_9936_26v5v0io\source_input.dwg,친謹,2026/3/3 2:57:26,lenovo,DWG To PDF.pc3,ISO A0 (841.00 x 1189.00 봐쵠),1:110.018,
C:\Users\lenovo\AppData\Local\Temp\fanban_module5_cad_tasks\2016_2612_hwcv43hc\plot_tasks\JD1NHH11002B25C42SD_20161NH-JGS03-002_4432_jaqvn63t\source_input.dwg,친謹,2026/3/3 2:57:34,lenovo,DWG To PDF.pc3,ISO A0 (841.00 x 1189.00 봐쵠),1:110.018,
C:\Users\lenovo\AppData\Local\Temp\fanban_module5_cad_tasks\2016_2612_hwcv43hc\plot_tasks\JD1NHH11004B25C42SD_20161NH-JGS03-004_3818_4gcqama1\source_input.dwg,친謹,2026/3/3 2:57:45,lenovo,DWG To PDF.pc3,ISO A0 (841.00 x 1189.00 봐쵠),1:110.018,
C:\Users\lenovo\AppData\Local\Temp\fanban_module5_cad_tasks\2016_2612_hwcv43hc\plot_tasks\JD1NHH11005B25C42SD_20161NH-JGS03-005_3728_gh0ajlf9\source_input.dwg,친謹,2026/3/3 2:57:56,lenovo,DWG To PDF.pc3,ISO A0 (841.00 x 1189.00 봐쵠),1:73.3453,
C:\Users\lenovo\AppData\Local\Temp\fanban_module5_cad_tasks\2016_2612_hwcv43hc\plot_tasks\JD1NHH11006B25C42SD_20161NH-JGS03-006_8689_fbq81wuv\source_input.dwg,친謹,2026/3/3 2:58:11,lenovo,DWG To PDF.pc3,ISO A0 (841.00 x 1189.00 봐쵠),1:110.018,
C:\Users\lenovo\AppData\Local\Temp\fanban_module5_cad_tasks\2016_4929_d0rlqeal\plot_tasks\source_input_9414_noq3y8ab\source_input.dwg,친謹,2026/3/3 3:00:48,lenovo,DWG To PDF.pc3,ISO A0 (841.00 x 1189.00 봐쵠),1:36.6727,
C:\Users\lenovo\AppData\Local\Temp\fanban_module5_cad_tasks\2016_4929_d0rlqeal\plot_tasks\source_input_9414_noq3y8ab\source_input.dwg,친謹,2026/3/3 3:01:20,lenovo,DWG To PDF.pc3,ISO A1 (841.00 x 594.00 봐쵠),1:55.7143,
C:\Users\lenovo\AppData\Local\Temp\fanban_module5_cad_tasks\2016_4929_d0rlqeal\plot_tasks\source_input_9414_noq3y8ab\source_input.dwg,친謹,2026/3/3 3:01:22,lenovo,DWG To PDF.pc3,ISO A0 (841.00 x 1189.00 봐쵠),1:110.018,
C:\Users\lenovo\AppData\Local\Temp\fanban_module5_cad_tasks\2016_4929_d0rlqeal\plot_tasks\source_input_9414_noq3y8ab\source_input.dwg,친謹,2026/3/3 3:01:23,lenovo,DWG To PDF.pc3,ISO A0 (841.00 x 1189.00 봐쵠),1:110.018,
C:\Users\lenovo\AppData\Local\Temp\fanban_module5_cad_tasks\2016_4929_d0rlqeal\plot_tasks\source_input_9414_noq3y8ab\source_input.dwg,친謹,2026/3/3 3:01:25,lenovo,DWG To PDF.pc3,ISO A0 (841.00 x 1189.00 봐쵠),1:110.018,
C:\Users\lenovo\AppData\Local\Temp\fanban_module5_cad_tasks\2016_4929_d0rlqeal\plot_tasks\source_input_9414_noq3y8ab\source_input.dwg,친謹,2026/3/3 3:01:26,lenovo,DWG To PDF.pc3,ISO A0 (841.00 x 1189.00 봐쵠),1:73.3453,
C:\Users\lenovo\AppData\Local\Temp\fanban_module5_cad_tasks\2016_4929_d0rlqeal\plot_tasks\source_input_9414_noq3y8ab\source_input.dwg,친謹,2026/3/3 3:01:28,lenovo,DWG To PDF.pc3,ISO A0 (841.00 x 1189.00 봐쵠),1:110.018,
C:\Users\lenovo\AppData\Local\Temp\fanban_module5_cad_tasks\2016_4929_d0rlqeal\plot_tasks\source_input_9414_noq3y8ab\source_input.dwg,친謹,2026/3/3 3:01:29,lenovo,DWG To PDF.pc3,ISO A1 (841.00 x 594.00 봐쵠),1:55.7143,
C:\Users\lenovo\AppData\Local\Temp\fanban_module5_cad_tasks\2016_4929_d0rlqeal\plot_tasks\source_input_9414_noq3y8ab\source_input.dwg,친謹,2026/3/3 3:01:30,lenovo,DWG To PDF.pc3,ISO A1 (841.00 x 594.00 봐쵠),1:55.7143,
C:\Users\lenovo\AppData\Local\Temp\fanban_module5_cad_tasks\2016_4929_d0rlqeal\plot_tasks\source_input_9414_noq3y8ab\source_input.dwg,친謹,2026/3/3 3:01:31,lenovo,DWG To PDF.pc3,ISO A1 (841.00 x 594.00 봐쵠),1:55.7143,
C:\Users\lenovo\AppData\Local\Temp\fanban_module5_cad_tasks\2016_4929_d0rlqeal\plot_tasks\source_input_9414_noq3y8ab\source_input.dwg,친謹,2026/3/3 3:01:35,lenovo,DWG To PDF.pc3,ISO A4 (210.00 x 297.00 봐쵠),1:81.75,
C:\Users\lenovo\AppData\Local\Temp\fanban_module5_cad_tasks\2016_4929_d0rlqeal\plot_tasks\source_input_9414_noq3y8ab\source_input.dwg,친謹,2026/3/3 3:01:35,lenovo,DWG To PDF.pc3,ISO A4 (210.00 x 297.00 봐쵠),1:81.75,
C:\Users\lenovo\AppData\Local\Temp\fanban_module5_cad_tasks\2016_4929_d0rlqeal\plot_tasks\source_input_9414_noq3y8ab\source_input.dwg,친謹,2026/3/3 3:01:35,lenovo,DWG To PDF.pc3,ISO A4 (210.00 x 297.00 봐쵠),1:81.75,
C:\Users\lenovo\AppData\Local\Temp\fanban_module5_cad_tasks\2016_4929_d0rlqeal\plot_tasks\source_input_9414_noq3y8ab\source_input.dwg,친謹,2026/3/3 3:01:36,lenovo,DWG To PDF.pc3,ISO A4 (210.00 x 297.00 봐쵠),1:81.75,
C:\Users\lenovo\AppData\Local\Temp\fanban_module5_cad_tasks\2016_4929_d0rlqeal\plot_tasks\JD1NHJ11002B25C42SD_20161NH-JGS03-010_9278_kih5n3kl\source_input.dwg,친謹,2026/3/3 3:02:06,lenovo,DWG To PDF.pc3,ISO A0 (841.00 x 1189.00 봐쵠),1:36.6727,
C:\Users\lenovo\AppData\Local\Temp\fanban_module5_cad_tasks\2016_4929_d0rlqeal\plot_tasks\JD1NHH11003B25C42SD_20161NH-JGS03-003_1803_c12puu3x\source_input.dwg,친謹,2026/3/3 3:04:18,lenovo,DWG To PDF.pc3,ISO A0 (841.00 x 1189.00 봐쵠),1:110.018,
C:\Users\lenovo\AppData\Local\Temp\fanban_module5_cad_tasks\2016_4929_d0rlqeal\plot_tasks\JD1NHH11002B25C42SD_20161NH-JGS03-002_5677_wgn_308b\source_input.dwg,친謹,2026/3/3 3:04:33,lenovo,DWG To PDF.pc3,ISO A0 (841.00 x 1189.00 봐쵠),1:110.018,
C:\Users\lenovo\AppData\Local\Temp\fanban_module5_cad_tasks\2016_4929_d0rlqeal\plot_tasks\JD1NHH11004B25C42SD_20161NH-JGS03-004_9774_bw2ac56g\source_input.dwg,친謹,2026/3/3 3:04:48,lenovo,DWG To PDF.pc3,ISO A0 (841.00 x 1189.00 봐쵠),1:110.018,
C:\Users\lenovo\AppData\Local\Temp\fanban_module5_cad_tasks\2016_4929_d0rlqeal\plot_tasks\JD1NHH11005B25C42SD_20161NH-JGS03-005_1920_i0kxu7pq\source_input.dwg,친謹,2026/3/3 3:05:04,lenovo,DWG To PDF.pc3,ISO A0 (841.00 x 1189.00 봐쵠),1:73.3453,
C:\Users\lenovo\AppData\Local\Temp\fanban_module5_cad_tasks\2016_4929_d0rlqeal\plot_tasks\JD1NHH11006B25C42SD_20161NH-JGS03-006_8383_5icbfnve\source_input.dwg,친謹,2026/3/3 3:05:20,lenovo,DWG To PDF.pc3,ISO A0 (841.00 x 1189.00 봐쵠),1:110.018,
C:\Users\lenovo\AppData\Local\Temp\fanban_module5_cad_tasks\2016_3410_6rcvv8o6\plot_tasks\source_input_8279_3eo6ikxg\source_input.dwg,친謹,2026/3/3 3:16:25,lenovo,DWG To PDF.pc3,ISO A0 (841.00 x 1189.00 봐쵠),1:26.3853,
C:\Users\lenovo\AppData\Local\Temp\fanban_module5_cad_tasks\2016_3410_6rcvv8o6\plot_tasks\source_input_8279_3eo6ikxg\source_input.dwg,친謹,2026/3/3 3:17:32,lenovo,DWG To PDF.pc3,ISO A1 (841.00 x 594.00 봐쵠),1:55.7143,
C:\Users\lenovo\AppData\Local\Temp\fanban_module5_cad_tasks\2016_3410_6rcvv8o6\plot_tasks\source_input_8279_3eo6ikxg\source_input.dwg,친謹,2026/3/3 3:17:34,lenovo,DWG To PDF.pc3,ISO A0 (841.00 x 1189.00 봐쵠),1:79.1558,
C:\Users\lenovo\AppData\Local\Temp\fanban_module5_cad_tasks\2016_3410_6rcvv8o6\plot_tasks\source_input_8279_3eo6ikxg\source_input.dwg,친謹,2026/3/3 3:17:37,lenovo,DWG To PDF.pc3,ISO A0 (841.00 x 1189.00 봐쵠),1:79.1558,
C:\Users\lenovo\AppData\Local\Temp\fanban_module5_cad_tasks\2016_3410_6rcvv8o6\plot_tasks\source_input_8279_3eo6ikxg\source_input.dwg,친謹,2026/3/3 3:17:39,lenovo,DWG To PDF.pc3,ISO A0 (841.00 x 1189.00 봐쵠),1:79.1558,
C:\Users\lenovo\AppData\Local\Temp\fanban_module5_cad_tasks\2016_3410_6rcvv8o6\plot_tasks\source_input_8279_3eo6ikxg\source_input.dwg,친謹,2026/3/3 3:17:41,lenovo,DWG To PDF.pc3,ISO A0 (841.00 x 1189.00 봐쵠),1:52.7705,
C:\Users\lenovo\AppData\Local\Temp\fanban_module5_cad_tasks\2016_3410_6rcvv8o6\plot_tasks\source_input_8279_3eo6ikxg\source_input.dwg,친謹,2026/3/3 3:17:44,lenovo,DWG To PDF.pc3,ISO A0 (841.00 x 1189.00 봐쵠),1:79.1558,
C:\Users\lenovo\AppData\Local\Temp\fanban_module5_cad_tasks\2016_3410_6rcvv8o6\plot_tasks\source_input_8279_3eo6ikxg\source_input.dwg,친謹,2026/3/3 3:17:45,lenovo,DWG To PDF.pc3,ISO A1 (841.00 x 594.00 봐쵠),1:55.7143,
C:\Users\lenovo\AppData\Local\Temp\fanban_module5_cad_tasks\2016_3410_6rcvv8o6\plot_tasks\source_input_8279_3eo6ikxg\source_input.dwg,친謹,2026/3/3 3:17:46,lenovo,DWG To PDF.pc3,ISO A1 (841.00 x 594.00 봐쵠),1:55.7143,
C:\Users\lenovo\AppData\Local\Temp\fanban_module5_cad_tasks\2016_3410_6rcvv8o6\plot_tasks\source_input_8279_3eo6ikxg\source_input.dwg,친謹,2026/3/3 3:17:48,lenovo,DWG To PDF.pc3,ISO A1 (841.00 x 594.00 봐쵠),1:55.7143,
C:\Users\lenovo\AppData\Local\Temp\fanban_module5_cad_tasks\2016_3410_6rcvv8o6\plot_tasks\source_input_8279_3eo6ikxg\source_input.dwg,친謹,2026/3/3 3:17:51,lenovo,DWG To PDF.pc3,ISO A4 (210.00 x 297.00 봐쵠),1:62.1673,
C:\Users\lenovo\AppData\Local\Temp\fanban_module5_cad_tasks\2016_3410_6rcvv8o6\plot_tasks\source_input_8279_3eo6ikxg\source_input.dwg,친謹,2026/3/3 3:17:52,lenovo,DWG To PDF.pc3,ISO A4 (210.00 x 297.00 봐쵠),1:62.1673,
C:\Users\lenovo\AppData\Local\Temp\fanban_module5_cad_tasks\2016_3410_6rcvv8o6\plot_tasks\source_input_8279_3eo6ikxg\source_input.dwg,친謹,2026/3/3 3:17:52,lenovo,DWG To PDF.pc3,ISO A4 (210.00 x 297.00 봐쵠),1:62.1673,
C:\Users\lenovo\AppData\Local\Temp\fanban_module5_cad_tasks\2016_3410_6rcvv8o6\plot_tasks\source_input_8279_3eo6ikxg\source_input.dwg,친謹,2026/3/3 3:17:52,lenovo,DWG To PDF.pc3,ISO A4 (210.00 x 297.00 봐쵠),1:62.1673,
C:\Users\lenovo\AppData\Local\Temp\fanban_module5_cad_tasks\2016_3410_6rcvv8o6\plot_tasks\JD1NHJ11002B25C42SD_20161NH-JGS03-010_1953_1k8g7nqb\source_input.dwg,친謹,2026/3/3 3:18:33,lenovo,DWG To PDF.pc3,ISO A0 (841.00 x 1189.00 봐쵠),1:26.3853,
C:\Users\lenovo\AppData\Local\Temp\fanban_module5_cad_tasks\2016_3410_6rcvv8o6\plot_tasks\JD1NHH11003B25C42SD_20161NH-JGS03-003_7900_d8vm7zv0\source_input.dwg,친謹,2026/3/3 3:19:34,lenovo,DWG To PDF.pc3,ISO A0 (841.00 x 1189.00 봐쵠),1:79.1558,
C:\Users\lenovo\AppData\Local\Temp\fanban_module5_cad_tasks\2016_3410_6rcvv8o6\plot_tasks\JD1NHH11002B25C42SD_20161NH-JGS03-002_8677_jtzw81f9\source_input.dwg,친謹,2026/3/3 3:19:47,lenovo,DWG To PDF.pc3,ISO A0 (841.00 x 1189.00 봐쵠),1:79.1558,
C:\Users\lenovo\AppData\Local\Temp\fanban_module5_cad_tasks\2016_3410_6rcvv8o6\plot_tasks\JD1NHH11004B25C42SD_20161NH-JGS03-004_7035_bc4nuq6m\source_input.dwg,친謹,2026/3/3 3:20:00,lenovo,DWG To PDF.pc3,ISO A0 (841.00 x 1189.00 봐쵠),1:79.1558,
C:\Users\lenovo\AppData\Local\Temp\fanban_module5_cad_tasks\2016_3410_6rcvv8o6\plot_tasks\JD1NHH11005B25C42SD_20161NH-JGS03-005_2932_d9c1_8_d\source_input.dwg,친謹,2026/3/3 3:20:11,lenovo,DWG To PDF.pc3,ISO A0 (841.00 x 1189.00 봐쵠),1:52.7705,
C:\Users\lenovo\AppData\Local\Temp\fanban_module5_cad_tasks\2016_3410_6rcvv8o6\plot_tasks\JD1NHH11006B25C42SD_20161NH-JGS03-006_5862_tc3hukl3\source_input.dwg,친謹,2026/3/3 3:20:23,lenovo,DWG To PDF.pc3,ISO A0 (841.00 x 1189.00 봐쵠),1:79.1558,
C:\Users\lenovo\AppData\Local\Temp\fanban_module5_cad_tasks\2016_2495_pp8l6msy\plot_tasks\source_input_4313_i5max_51\source_input.dwg,친謹,2026/3/3 4:03:35,lenovo,DWG To PDF.pc3,ISO A1 (841.00 x 594.00 봐쵠),1:55.7143,
C:\Users\lenovo\AppData\Local\Temp\fanban_module5_cad_tasks\2016_2495_pp8l6msy\plot_tasks\source_input_4313_i5max_51\source_input.dwg,친謹,2026/3/3 4:05:22,lenovo,DWG To PDF.pc3,ISO A1 (841.00 x 594.00 봐쵠),1:55.7143,
C:\Users\lenovo\AppData\Local\Temp\fanban_module5_cad_tasks\2016_2495_pp8l6msy\plot_tasks\source_input_4313_i5max_51\source_input.dwg,친謹,2026/3/3 4:05:23,lenovo,DWG To PDF.pc3,ISO A1 (841.00 x 594.00 봐쵠),1:55.7143,
C:\Users\lenovo\AppData\Local\Temp\fanban_module5_cad_tasks\2016_2495_pp8l6msy\plot_tasks\source_input_4313_i5max_51\source_input.dwg,친謹,2026/3/3 4:05:24,lenovo,DWG To PDF.pc3,ISO A1 (841.00 x 594.00 봐쵠),1:55.7143,
C:\Users\lenovo\AppData\Local\Temp\fanban_module5_cad_tasks\2016_2495_pp8l6msy\plot_tasks\source_input_4313_i5max_51\source_input.dwg,친謹,2026/3/3 4:05:29,lenovo,DWG To PDF.pc3,ISO A4 (210.00 x 297.00 봐쵠),1:62.1673,
C:\Users\lenovo\AppData\Local\Temp\fanban_module5_cad_tasks\2016_2495_pp8l6msy\plot_tasks\source_input_4313_i5max_51\source_input.dwg,친謹,2026/3/3 4:05:29,lenovo,DWG To PDF.pc3,ISO A4 (210.00 x 297.00 봐쵠),1:62.1673,
C:\Users\lenovo\AppData\Local\Temp\fanban_module5_cad_tasks\2016_2495_pp8l6msy\plot_tasks\source_input_4313_i5max_51\source_input.dwg,친謹,2026/3/3 4:05:29,lenovo,DWG To PDF.pc3,ISO A4 (210.00 x 297.00 봐쵠),1:62.1673,
C:\Users\lenovo\AppData\Local\Temp\fanban_module5_cad_tasks\2016_2495_pp8l6msy\plot_tasks\source_input_4313_i5max_51\source_input.dwg,친謹,2026/3/3 4:05:29,lenovo,DWG To PDF.pc3,ISO A4 (210.00 x 297.00 봐쵠),1:62.1673,
C:\Users\lenovo\AppData\Local\Temp\fanban_module5_cad_tasks\2016_3627_6g0ridio\plot_tasks\source_input_9779_662wm9pw\source_input.dwg,친謹,2026/3/3 4:15:02,lenovo,DWG To PDF.pc3,ISO A1 (841.00 x 594.00 봐쵠),1:55.7143,
C:\Users\lenovo\AppData\Local\Temp\fanban_module5_cad_tasks\2016_3627_6g0ridio\plot_tasks\source_input_9779_662wm9pw\source_input.dwg,친謹,2026/3/3 4:15:05,lenovo,DWG To PDF.pc3,ISO A1 (841.00 x 594.00 봐쵠),1:55.7143,
C:\Users\lenovo\AppData\Local\Temp\fanban_module5_cad_tasks\2016_3627_6g0ridio\plot_tasks\source_input_9779_662wm9pw\source_input.dwg,친謹,2026/3/3 4:15:07,lenovo,DWG To PDF.pc3,ISO A1 (841.00 x 594.00 봐쵠),1:55.7143,
C:\Users\lenovo\AppData\Local\Temp\fanban_module5_cad_tasks\2016_3627_6g0ridio\plot_tasks\source_input_9779_662wm9pw\source_input.dwg,친謹,2026/3/3 4:15:10,lenovo,DWG To PDF.pc3,ISO A1 (841.00 x 594.00 봐쵠),1:55.7143,
C:\Users\lenovo\AppData\Local\Temp\fanban_module5_cad_tasks\2016_3627_6g0ridio\plot_tasks\source_input_9779_662wm9pw\source_input.dwg,친謹,2026/3/3 4:15:15,lenovo,DWG To PDF.pc3,ISO A4 (210.00 x 297.00 봐쵠),1:62.1673,
C:\Users\lenovo\AppData\Local\Temp\fanban_module5_cad_tasks\2016_3627_6g0ridio\plot_tasks\source_input_9779_662wm9pw\source_input.dwg,친謹,2026/3/3 4:15:15,lenovo,DWG To PDF.pc3,ISO A4 (210.00 x 297.00 봐쵠),1:62.1673,
C:\Users\lenovo\AppData\Local\Temp\fanban_module5_cad_tasks\2016_3627_6g0ridio\plot_tasks\source_input_9779_662wm9pw\source_input.dwg,친謹,2026/3/3 4:15:15,lenovo,DWG To PDF.pc3,ISO A4 (210.00 x 297.00 봐쵠),1:62.1673,
C:\Users\lenovo\AppData\Local\Temp\fanban_module5_cad_tasks\2016_3627_6g0ridio\plot_tasks\source_input_9779_662wm9pw\source_input.dwg,친謹,2026/3/3 4:15:15,lenovo,DWG To PDF.pc3,ISO A4 (210.00 x 297.00 봐쵠),1:62.1673,
C:\Users\lenovo\AppData\Local\Temp\fanban_module5_cad_tasks\2016_2383_xchvzm6v\plot_tasks\source_input_3784_p5powndq\source_input.dwg,친謹,2026/3/3 7:29:59,lenovo,DWG To PDF.pc3,ISO A1 (841.00 x 594.00 봐쵠),1:55.7143,
C:\Users\lenovo\AppData\Local\Temp\fanban_module5_cad_tasks\2016_2383_xchvzm6v\plot_tasks\source_input_3784_p5powndq\source_input.dwg,친謹,2026/3/3 7:30:00,lenovo,DWG To PDF.pc3,ISO A1 (841.00 x 594.00 봐쵠),1:55.7143,
C:\Users\lenovo\AppData\Local\Temp\fanban_module5_cad_tasks\2016_2383_xchvzm6v\plot_tasks\source_input_3784_p5powndq\source_input.dwg,친謹,2026/3/3 7:30:02,lenovo,DWG To PDF.pc3,ISO A1 (841.00 x 594.00 봐쵠),1:55.7143,
C:\Users\lenovo\AppData\Local\Temp\fanban_module5_cad_tasks\2016_2383_xchvzm6v\plot_tasks\source_input_3784_p5powndq\source_input.dwg,친謹,2026/3/3 7:30:03,lenovo,DWG To PDF.pc3,ISO A1 (841.00 x 594.00 봐쵠),1:55.7143,
C:\Users\lenovo\AppData\Local\Temp\fanban_module5_cad_tasks\2016_2383_xchvzm6v\plot_tasks\source_input_3784_p5powndq\source_input.dwg,친謹,2026/3/3 7:30:05,lenovo,DWG To PDF.pc3,ISO A4 (210.00 x 297.00 봐쵠),1:62.1673,
C:\Users\lenovo\AppData\Local\Temp\fanban_module5_cad_tasks\2016_2383_xchvzm6v\plot_tasks\source_input_3784_p5powndq\source_input.dwg,친謹,2026/3/3 7:30:05,lenovo,DWG To PDF.pc3,ISO A4 (210.00 x 297.00 봐쵠),1:62.1673,
C:\Users\lenovo\AppData\Local\Temp\fanban_module5_cad_tasks\2016_2383_xchvzm6v\plot_tasks\source_input_3784_p5powndq\source_input.dwg,친謹,2026/3/3 7:30:05,lenovo,DWG To PDF.pc3,ISO A4 (210.00 x 297.00 봐쵠),1:62.1673,
C:\Users\lenovo\AppData\Local\Temp\fanban_module5_cad_tasks\2016_2383_xchvzm6v\plot_tasks\source_input_3784_p5powndq\source_input.dwg,친謹,2026/3/3 7:30:05,lenovo,DWG To PDF.pc3,ISO A4 (210.00 x 297.00 봐쵠),1:62.1673,
C:\Users\lenovo\AppData\Local\Temp\fanban_module5_cad_tasks\2016_8705_p2r5toj0\plot_tasks\source_input_7043_l_04sh66\source_input.dwg,친謹,2026/3/3 7:51:46,lenovo,DWG To PDF.pc3,ISO A1 (841.00 x 594.00 봐쵠),1:55.7143,
C:\Users\lenovo\AppData\Local\Temp\fanban_module5_cad_tasks\2016_8705_p2r5toj0\plot_tasks\source_input_7043_l_04sh66\source_input.dwg,친謹,2026/3/3 7:51:47,lenovo,DWG To PDF.pc3,ISO A1 (841.00 x 594.00 봐쵠),1:55.7143,
C:\Users\lenovo\AppData\Local\Temp\fanban_module5_cad_tasks\2016_8705_p2r5toj0\plot_tasks\source_input_7043_l_04sh66\source_input.dwg,친謹,2026/3/3 7:51:47,lenovo,DWG To PDF.pc3,ISO A1 (841.00 x 594.00 봐쵠),1:55.7143,
C:\Users\lenovo\AppData\Local\Temp\fanban_module5_cad_tasks\2016_8705_p2r5toj0\plot_tasks\source_input_7043_l_04sh66\source_input.dwg,친謹,2026/3/3 7:51:48,lenovo,DWG To PDF.pc3,ISO A1 (841.00 x 594.00 봐쵠),1:55.7143,
C:\Users\lenovo\AppData\Local\Temp\fanban_module5_cad_tasks\2016_8705_p2r5toj0\plot_tasks\source_input_7043_l_04sh66\source_input.dwg,친謹,2026/3/3 7:51:49,lenovo,DWG To PDF.pc3,ISO A4 (210.00 x 297.00 봐쵠),1:62.1673,
C:\Users\lenovo\AppData\Local\Temp\fanban_module5_cad_tasks\2016_8705_p2r5toj0\plot_tasks\source_input_7043_l_04sh66\source_input.dwg,친謹,2026/3/3 7:51:50,lenovo,DWG To PDF.pc3,ISO A4 (210.00 x 297.00 봐쵠),1:62.1673,
C:\Users\lenovo\AppData\Local\Temp\fanban_module5_cad_tasks\2016_8705_p2r5toj0\plot_tasks\source_input_7043_l_04sh66\source_input.dwg,친謹,2026/3/3 7:51:50,lenovo,DWG To PDF.pc3,ISO A4 (210.00 x 297.00 봐쵠),1:62.1673,
C:\Users\lenovo\AppData\Local\Temp\fanban_module5_cad_tasks\2016_8705_p2r5toj0\plot_tasks\source_input_7043_l_04sh66\source_input.dwg,친謹,2026/3/3 7:51:50,lenovo,DWG To PDF.pc3,ISO A4 (210.00 x 297.00 봐쵠),1:62.1673,
D:\Programs\auto-fanban\auto-fanban-pre\storage\jobs\pc3_use_check_jgti5cr2\source_input.dwg,친謹,2026/3/3 8:56:21,lenovo,댔丹PDF2.pc3,ISO A1 (841.00 x 594.00 봐쵠),1:55.7143,
D:\Programs\auto-fanban\auto-fanban-pre\storage\jobs\pc3_use_check_fjjq_ond\source_input.dwg,친謹,2026/3/3 8:56:54,lenovo,댔丹PDF2.pc3,ISO A1 (841.00 x 594.00 봐쵠),1:55.7143,
D:\Programs\auto-fanban\auto-fanban-pre\storage\jobs\pc3_use_check_gdoe2jka\source_input.dwg,친謹,2026/3/3 10:05:27,lenovo,댔丹PDF2.pc3,ISO A1 (841.00 x 594.00 봐쵠),1:55.7143,
D:\Programs\auto-fanban\auto-fanban-pre\storage\jobs\pc3_use_check_vy3y_izs\source_input.dwg,친謹,2026/3/3 11:25:43,lenovo,댔丹PDF2.pc3,ISO A0 (841.00 x 1189.00 봐쵠),1:26.3853,
D:\Programs\auto-fanban\auto-fanban-pre\storage\jobs\pc3_use_check_vy3y_izs\source_input.dwg,친謹,2026/3/3 11:25:45,lenovo,댔丹PDF2.pc3,ISO A0 (841.00 x 1189.00 봐쵠),1:36.6727,
